  [1m[35m (71.2ms)[0m  [1m[35mCREATE DATABASE "practice_development" ENCODING = 'unicode'[0m
  [1m[35m (55.2ms)[0m  [1m[35mCREATE DATABASE "practice_test" ENCODING = 'unicode'[0m
  [1m[35m (65.2ms)[0m  [1m[35mCREATE DATABASE "practice_development" ENCODING = 'unicode'[0m
  [1m[35m (49.5ms)[0m  [1m[35mCREATE DATABASE "practice_test" ENCODING = 'unicode'[0m
Started GET "/" for ::1 at 2023-09-27 13:55:23 -0400
Processing by Rails::WelcomeController#index as HTML
  Rendering /Users/yuris/.rbenv/versions/3.1.1/lib/ruby/gems/3.1.0/gems/railties-7.0.8/lib/rails/templates/rails/welcome/index.html.erb
  Rendered /Users/yuris/.rbenv/versions/3.1.1/lib/ruby/gems/3.1.0/gems/railties-7.0.8/lib/rails/templates/rails/welcome/index.html.erb (Duration: 1.1ms | Allocations: 528)
Completed 200 OK in 9ms (Views: 3.5ms | ActiveRecord: 0.0ms | Allocations: 4563)


Started GET "/users" for ::1 at 2023-09-27 14:01:00 -0400
Processing by UsersController#index as */*
Completed 500 Internal Server Error in 2ms (ActiveRecord: 0.0ms | Allocations: 2000)


  
NameError (uninitialized constant UsersController::User

        users = User.all 
                ^^^^):
  
app/controllers/users_controller.rb:3:in `index'
Started GET "/users" for ::1 at 2023-09-27 14:03:22 -0400
Processing by UsersController#index as */*
  Rendering text template
  Rendered text template (Duration: 0.0ms | Allocations: 10)
Completed 200 OK in 2ms (Views: 2.4ms | ActiveRecord: 0.0ms | Allocations: 679)


Started GET "/users?fav_food=pizza" for ::1 at 2023-09-27 14:08:21 -0400
Processing by UsersController#index as */*
  Parameters: {"fav_food"=>"pizza"}
  Rendering text template
  Rendered text template (Duration: 0.0ms | Allocations: 13)
Completed 200 OK in 2ms (Views: 2.3ms | ActiveRecord: 0.0ms | Allocations: 1382)


Started POST "/users" for ::1 at 2023-09-27 14:17:53 -0400
  
AbstractController::ActionNotFound (The action 'create' could not be found for UsersController):
  
actionpack (7.0.8) lib/abstract_controller/base.rb:146:in `process'
actionview (7.0.8) lib/action_view/rendering.rb:39:in `process'
actionpack (7.0.8) lib/action_controller/metal.rb:188:in `dispatch'
actionpack (7.0.8) lib/action_controller/metal.rb:251:in `dispatch'
actionpack (7.0.8) lib/action_dispatch/routing/route_set.rb:49:in `dispatch'
actionpack (7.0.8) lib/action_dispatch/routing/route_set.rb:32:in `serve'
actionpack (7.0.8) lib/action_dispatch/journey/router.rb:50:in `block in serve'
actionpack (7.0.8) lib/action_dispatch/journey/router.rb:32:in `each'
actionpack (7.0.8) lib/action_dispatch/journey/router.rb:32:in `serve'
actionpack (7.0.8) lib/action_dispatch/routing/route_set.rb:852:in `call'
rack (2.2.8) lib/rack/tempfile_reaper.rb:15:in `call'
rack (2.2.8) lib/rack/etag.rb:27:in `call'
rack (2.2.8) lib/rack/conditional_get.rb:40:in `call'
rack (2.2.8) lib/rack/head.rb:12:in `call'
actionpack (7.0.8) lib/action_dispatch/http/permissions_policy.rb:38:in `call'
actionpack (7.0.8) lib/action_dispatch/http/content_security_policy.rb:36:in `call'
rack (2.2.8) lib/rack/session/abstract/id.rb:266:in `context'
rack (2.2.8) lib/rack/session/abstract/id.rb:260:in `call'
actionpack (7.0.8) lib/action_dispatch/middleware/cookies.rb:704:in `call'
activerecord (7.0.8) lib/active_record/migration.rb:638:in `call'
actionpack (7.0.8) lib/action_dispatch/middleware/callbacks.rb:27:in `block in call'
activesupport (7.0.8) lib/active_support/callbacks.rb:99:in `run_callbacks'
actionpack (7.0.8) lib/action_dispatch/middleware/callbacks.rb:26:in `call'
actionpack (7.0.8) lib/action_dispatch/middleware/executor.rb:14:in `call'
actionpack (7.0.8) lib/action_dispatch/middleware/actionable_exceptions.rb:17:in `call'
actionpack (7.0.8) lib/action_dispatch/middleware/debug_exceptions.rb:28:in `call'
actionpack (7.0.8) lib/action_dispatch/middleware/show_exceptions.rb:29:in `call'
railties (7.0.8) lib/rails/rack/logger.rb:40:in `call_app'
railties (7.0.8) lib/rails/rack/logger.rb:25:in `block in call'
activesupport (7.0.8) lib/active_support/tagged_logging.rb:99:in `block in tagged'
activesupport (7.0.8) lib/active_support/tagged_logging.rb:37:in `tagged'
activesupport (7.0.8) lib/active_support/tagged_logging.rb:99:in `tagged'
railties (7.0.8) lib/rails/rack/logger.rb:25:in `call'
sprockets-rails (3.4.2) lib/sprockets/rails/quiet_assets.rb:13:in `call'
actionpack (7.0.8) lib/action_dispatch/middleware/remote_ip.rb:93:in `call'
actionpack (7.0.8) lib/action_dispatch/middleware/request_id.rb:26:in `call'
rack (2.2.8) lib/rack/method_override.rb:24:in `call'
rack (2.2.8) lib/rack/runtime.rb:22:in `call'
activesupport (7.0.8) lib/active_support/cache/strategy/local_cache_middleware.rb:29:in `call'
actionpack (7.0.8) lib/action_dispatch/middleware/server_timing.rb:61:in `block in call'
actionpack (7.0.8) lib/action_dispatch/middleware/server_timing.rb:26:in `collect_events'
actionpack (7.0.8) lib/action_dispatch/middleware/server_timing.rb:60:in `call'
actionpack (7.0.8) lib/action_dispatch/middleware/executor.rb:14:in `call'
actionpack (7.0.8) lib/action_dispatch/middleware/static.rb:23:in `call'
rack (2.2.8) lib/rack/sendfile.rb:110:in `call'
actionpack (7.0.8) lib/action_dispatch/middleware/host_authorization.rb:138:in `call'
railties (7.0.8) lib/rails/engine.rb:530:in `call'
puma (5.6.7) lib/puma/configuration.rb:252:in `call'
puma (5.6.7) lib/puma/request.rb:77:in `block in handle_request'
puma (5.6.7) lib/puma/thread_pool.rb:340:in `with_force_shutdown'
puma (5.6.7) lib/puma/request.rb:76:in `handle_request'
puma (5.6.7) lib/puma/server.rb:443:in `process_client'
puma (5.6.7) lib/puma/thread_pool.rb:147:in `block in spawn_thread'
Started POST "/users" for ::1 at 2023-09-27 14:24:47 -0400
Processing by UsersController#create as */*
  Parameters: {"banana"=>"1", "apple"=>"2"}
Completed 200 OK in 0ms (Views: 0.2ms | ActiveRecord: 0.0ms | Allocations: 355)


Started GET "/users/1" for ::1 at 2023-09-27 14:26:29 -0400
  
AbstractController::ActionNotFound (The action 'show' could not be found for UsersController):
  
actionpack (7.0.8) lib/abstract_controller/base.rb:146:in `process'
actionview (7.0.8) lib/action_view/rendering.rb:39:in `process'
actionpack (7.0.8) lib/action_controller/metal.rb:188:in `dispatch'
actionpack (7.0.8) lib/action_controller/metal.rb:251:in `dispatch'
actionpack (7.0.8) lib/action_dispatch/routing/route_set.rb:49:in `dispatch'
actionpack (7.0.8) lib/action_dispatch/routing/route_set.rb:32:in `serve'
actionpack (7.0.8) lib/action_dispatch/journey/router.rb:50:in `block in serve'
actionpack (7.0.8) lib/action_dispatch/journey/router.rb:32:in `each'
actionpack (7.0.8) lib/action_dispatch/journey/router.rb:32:in `serve'
actionpack (7.0.8) lib/action_dispatch/routing/route_set.rb:852:in `call'
rack (2.2.8) lib/rack/tempfile_reaper.rb:15:in `call'
rack (2.2.8) lib/rack/etag.rb:27:in `call'
rack (2.2.8) lib/rack/conditional_get.rb:27:in `call'
rack (2.2.8) lib/rack/head.rb:12:in `call'
actionpack (7.0.8) lib/action_dispatch/http/permissions_policy.rb:38:in `call'
actionpack (7.0.8) lib/action_dispatch/http/content_security_policy.rb:36:in `call'
rack (2.2.8) lib/rack/session/abstract/id.rb:266:in `context'
rack (2.2.8) lib/rack/session/abstract/id.rb:260:in `call'
actionpack (7.0.8) lib/action_dispatch/middleware/cookies.rb:704:in `call'
activerecord (7.0.8) lib/active_record/migration.rb:638:in `call'
actionpack (7.0.8) lib/action_dispatch/middleware/callbacks.rb:27:in `block in call'
activesupport (7.0.8) lib/active_support/callbacks.rb:99:in `run_callbacks'
actionpack (7.0.8) lib/action_dispatch/middleware/callbacks.rb:26:in `call'
actionpack (7.0.8) lib/action_dispatch/middleware/executor.rb:14:in `call'
actionpack (7.0.8) lib/action_dispatch/middleware/actionable_exceptions.rb:17:in `call'
actionpack (7.0.8) lib/action_dispatch/middleware/debug_exceptions.rb:28:in `call'
actionpack (7.0.8) lib/action_dispatch/middleware/show_exceptions.rb:29:in `call'
railties (7.0.8) lib/rails/rack/logger.rb:40:in `call_app'
railties (7.0.8) lib/rails/rack/logger.rb:25:in `block in call'
activesupport (7.0.8) lib/active_support/tagged_logging.rb:99:in `block in tagged'
activesupport (7.0.8) lib/active_support/tagged_logging.rb:37:in `tagged'
activesupport (7.0.8) lib/active_support/tagged_logging.rb:99:in `tagged'
railties (7.0.8) lib/rails/rack/logger.rb:25:in `call'
sprockets-rails (3.4.2) lib/sprockets/rails/quiet_assets.rb:13:in `call'
actionpack (7.0.8) lib/action_dispatch/middleware/remote_ip.rb:93:in `call'
actionpack (7.0.8) lib/action_dispatch/middleware/request_id.rb:26:in `call'
rack (2.2.8) lib/rack/method_override.rb:24:in `call'
rack (2.2.8) lib/rack/runtime.rb:22:in `call'
activesupport (7.0.8) lib/active_support/cache/strategy/local_cache_middleware.rb:29:in `call'
actionpack (7.0.8) lib/action_dispatch/middleware/server_timing.rb:61:in `block in call'
actionpack (7.0.8) lib/action_dispatch/middleware/server_timing.rb:26:in `collect_events'
actionpack (7.0.8) lib/action_dispatch/middleware/server_timing.rb:60:in `call'
actionpack (7.0.8) lib/action_dispatch/middleware/executor.rb:14:in `call'
actionpack (7.0.8) lib/action_dispatch/middleware/static.rb:23:in `call'
rack (2.2.8) lib/rack/sendfile.rb:110:in `call'
actionpack (7.0.8) lib/action_dispatch/middleware/host_authorization.rb:138:in `call'
railties (7.0.8) lib/rails/engine.rb:530:in `call'
puma (5.6.7) lib/puma/configuration.rb:252:in `call'
puma (5.6.7) lib/puma/request.rb:77:in `block in handle_request'
puma (5.6.7) lib/puma/thread_pool.rb:340:in `with_force_shutdown'
puma (5.6.7) lib/puma/request.rb:76:in `handle_request'
puma (5.6.7) lib/puma/server.rb:443:in `process_client'
puma (5.6.7) lib/puma/thread_pool.rb:147:in `block in spawn_thread'
Started GET "/users/1" for ::1 at 2023-09-27 14:27:09 -0400
Processing by UsersController#show as */*
  Parameters: {"id"=>"1"}
Completed 200 OK in 0ms (Views: 0.1ms | ActiveRecord: 0.0ms | Allocations: 204)


Started GET "/users/1" for ::1 at 2023-09-27 14:28:54 -0400
Processing by UsersController#show as */*
  Parameters: {"test"=>"3", "id"=>"1"}
Completed 200 OK in 1ms (Views: 0.5ms | ActiveRecord: 0.0ms | Allocations: 118)


Started GET "/users/1" for ::1 at 2023-09-27 14:29:02 -0400
Processing by UsersController#show as */*
  Parameters: {"bannana"=>"1", "apple"=>"2", "test"=>"3", "id"=>"1"}
Completed 200 OK in 0ms (Views: 0.2ms | ActiveRecord: 0.0ms | Allocations: 136)


Started GET "/users/1" for ::1 at 2023-09-27 14:30:19 -0400
  
ActionController::BadRequest (Invalid request parameters: expected Hash (got String) for param `banana'):
  
rack (2.2.8) lib/rack/query_parser.rb:121:in `normalize_params'
rack (2.2.8) lib/rack/multipart/parser.rb:208:in `block (2 levels) in result'
rack (2.2.8) lib/rack/multipart/parser.rb:107:in `get_data'
rack (2.2.8) lib/rack/multipart/parser.rb:206:in `block in result'
rack (2.2.8) lib/rack/multipart/parser.rb:130:in `block in each'
rack (2.2.8) lib/rack/multipart/parser.rb:130:in `each'
rack (2.2.8) lib/rack/multipart/parser.rb:130:in `each'
rack (2.2.8) lib/rack/multipart/parser.rb:205:in `result'
rack (2.2.8) lib/rack/multipart/parser.rb:84:in `parse'
rack (2.2.8) lib/rack/multipart.rb:53:in `extract_multipart'
rack (2.2.8) lib/rack/request.rb:594:in `parse_multipart'
rack (2.2.8) lib/rack/request.rb:446:in `POST'
actionpack (7.0.8) lib/action_dispatch/http/request.rb:390:in `block (2 levels) in POST'
actionpack (7.0.8) lib/action_dispatch/http/parameters.rb:90:in `block in parse_formatted_parameters'
actionpack (7.0.8) lib/action_dispatch/http/parameters.rb:90:in `fetch'
actionpack (7.0.8) lib/action_dispatch/http/parameters.rb:90:in `parse_formatted_parameters'
actionpack (7.0.8) lib/action_dispatch/http/request.rb:389:in `block in POST'
rack (2.2.8) lib/rack/request.rb:69:in `fetch'
rack (2.2.8) lib/rack/request.rb:69:in `fetch_header'
actionpack (7.0.8) lib/action_dispatch/http/request.rb:388:in `POST'
actionpack (7.0.8) lib/action_dispatch/http/parameters.rb:55:in `parameters'
actionpack (7.0.8) lib/action_dispatch/http/filter_parameters.rb:28:in `filtered_parameters'
actionpack (7.0.8) lib/action_controller/metal/instrumentation.rb:57:in `process_action'
actionpack (7.0.8) lib/action_controller/metal/params_wrapper.rb:259:in `process_action'
activerecord (7.0.8) lib/active_record/railties/controller_runtime.rb:27:in `process_action'
actionpack (7.0.8) lib/abstract_controller/base.rb:151:in `process'
actionview (7.0.8) lib/action_view/rendering.rb:39:in `process'
actionpack (7.0.8) lib/action_controller/metal.rb:188:in `dispatch'
actionpack (7.0.8) lib/action_controller/metal.rb:251:in `dispatch'
actionpack (7.0.8) lib/action_dispatch/routing/route_set.rb:49:in `dispatch'
actionpack (7.0.8) lib/action_dispatch/routing/route_set.rb:32:in `serve'
actionpack (7.0.8) lib/action_dispatch/journey/router.rb:50:in `block in serve'
actionpack (7.0.8) lib/action_dispatch/journey/router.rb:32:in `each'
actionpack (7.0.8) lib/action_dispatch/journey/router.rb:32:in `serve'
actionpack (7.0.8) lib/action_dispatch/routing/route_set.rb:852:in `call'
rack (2.2.8) lib/rack/tempfile_reaper.rb:15:in `call'
rack (2.2.8) lib/rack/etag.rb:27:in `call'
rack (2.2.8) lib/rack/conditional_get.rb:27:in `call'
rack (2.2.8) lib/rack/head.rb:12:in `call'
actionpack (7.0.8) lib/action_dispatch/http/permissions_policy.rb:38:in `call'
actionpack (7.0.8) lib/action_dispatch/http/content_security_policy.rb:36:in `call'
rack (2.2.8) lib/rack/session/abstract/id.rb:266:in `context'
rack (2.2.8) lib/rack/session/abstract/id.rb:260:in `call'
actionpack (7.0.8) lib/action_dispatch/middleware/cookies.rb:704:in `call'
activerecord (7.0.8) lib/active_record/migration.rb:638:in `call'
actionpack (7.0.8) lib/action_dispatch/middleware/callbacks.rb:27:in `block in call'
activesupport (7.0.8) lib/active_support/callbacks.rb:99:in `run_callbacks'
actionpack (7.0.8) lib/action_dispatch/middleware/callbacks.rb:26:in `call'
actionpack (7.0.8) lib/action_dispatch/middleware/executor.rb:14:in `call'
actionpack (7.0.8) lib/action_dispatch/middleware/actionable_exceptions.rb:17:in `call'
actionpack (7.0.8) lib/action_dispatch/middleware/debug_exceptions.rb:28:in `call'
actionpack (7.0.8) lib/action_dispatch/middleware/show_exceptions.rb:29:in `call'
railties (7.0.8) lib/rails/rack/logger.rb:40:in `call_app'
railties (7.0.8) lib/rails/rack/logger.rb:25:in `block in call'
activesupport (7.0.8) lib/active_support/tagged_logging.rb:99:in `block in tagged'
activesupport (7.0.8) lib/active_support/tagged_logging.rb:37:in `tagged'
activesupport (7.0.8) lib/active_support/tagged_logging.rb:99:in `tagged'
railties (7.0.8) lib/rails/rack/logger.rb:25:in `call'
sprockets-rails (3.4.2) lib/sprockets/rails/quiet_assets.rb:13:in `call'
actionpack (7.0.8) lib/action_dispatch/middleware/remote_ip.rb:93:in `call'
actionpack (7.0.8) lib/action_dispatch/middleware/request_id.rb:26:in `call'
rack (2.2.8) lib/rack/method_override.rb:24:in `call'
rack (2.2.8) lib/rack/runtime.rb:22:in `call'
activesupport (7.0.8) lib/active_support/cache/strategy/local_cache_middleware.rb:29:in `call'
actionpack (7.0.8) lib/action_dispatch/middleware/server_timing.rb:61:in `block in call'
actionpack (7.0.8) lib/action_dispatch/middleware/server_timing.rb:26:in `collect_events'
actionpack (7.0.8) lib/action_dispatch/middleware/server_timing.rb:60:in `call'
actionpack (7.0.8) lib/action_dispatch/middleware/executor.rb:14:in `call'
actionpack (7.0.8) lib/action_dispatch/middleware/static.rb:23:in `call'
rack (2.2.8) lib/rack/sendfile.rb:110:in `call'
actionpack (7.0.8) lib/action_dispatch/middleware/host_authorization.rb:138:in `call'
railties (7.0.8) lib/rails/engine.rb:530:in `call'
puma (5.6.7) lib/puma/configuration.rb:252:in `call'
puma (5.6.7) lib/puma/request.rb:77:in `block in handle_request'
puma (5.6.7) lib/puma/thread_pool.rb:340:in `with_force_shutdown'
puma (5.6.7) lib/puma/request.rb:76:in `handle_request'
puma (5.6.7) lib/puma/server.rb:443:in `process_client'
puma (5.6.7) lib/puma/thread_pool.rb:147:in `block in spawn_thread'
Started GET "/users/1" for ::1 at 2023-09-27 14:34:43 -0400
  
ActionController::BadRequest (Invalid request parameters: expected Hash (got String) for param `banana'):
  
rack (2.2.8) lib/rack/query_parser.rb:121:in `normalize_params'
rack (2.2.8) lib/rack/multipart/parser.rb:208:in `block (2 levels) in result'
rack (2.2.8) lib/rack/multipart/parser.rb:107:in `get_data'
rack (2.2.8) lib/rack/multipart/parser.rb:206:in `block in result'
rack (2.2.8) lib/rack/multipart/parser.rb:130:in `block in each'
rack (2.2.8) lib/rack/multipart/parser.rb:130:in `each'
rack (2.2.8) lib/rack/multipart/parser.rb:130:in `each'
rack (2.2.8) lib/rack/multipart/parser.rb:205:in `result'
rack (2.2.8) lib/rack/multipart/parser.rb:84:in `parse'
rack (2.2.8) lib/rack/multipart.rb:53:in `extract_multipart'
rack (2.2.8) lib/rack/request.rb:594:in `parse_multipart'
rack (2.2.8) lib/rack/request.rb:446:in `POST'
actionpack (7.0.8) lib/action_dispatch/http/request.rb:390:in `block (2 levels) in POST'
actionpack (7.0.8) lib/action_dispatch/http/parameters.rb:90:in `block in parse_formatted_parameters'
actionpack (7.0.8) lib/action_dispatch/http/parameters.rb:90:in `fetch'
actionpack (7.0.8) lib/action_dispatch/http/parameters.rb:90:in `parse_formatted_parameters'
actionpack (7.0.8) lib/action_dispatch/http/request.rb:389:in `block in POST'
rack (2.2.8) lib/rack/request.rb:69:in `fetch'
rack (2.2.8) lib/rack/request.rb:69:in `fetch_header'
actionpack (7.0.8) lib/action_dispatch/http/request.rb:388:in `POST'
actionpack (7.0.8) lib/action_dispatch/http/parameters.rb:55:in `parameters'
actionpack (7.0.8) lib/action_dispatch/http/filter_parameters.rb:28:in `filtered_parameters'
actionpack (7.0.8) lib/action_controller/metal/instrumentation.rb:57:in `process_action'
actionpack (7.0.8) lib/action_controller/metal/params_wrapper.rb:259:in `process_action'
activerecord (7.0.8) lib/active_record/railties/controller_runtime.rb:27:in `process_action'
actionpack (7.0.8) lib/abstract_controller/base.rb:151:in `process'
actionview (7.0.8) lib/action_view/rendering.rb:39:in `process'
actionpack (7.0.8) lib/action_controller/metal.rb:188:in `dispatch'
actionpack (7.0.8) lib/action_controller/metal.rb:251:in `dispatch'
actionpack (7.0.8) lib/action_dispatch/routing/route_set.rb:49:in `dispatch'
actionpack (7.0.8) lib/action_dispatch/routing/route_set.rb:32:in `serve'
actionpack (7.0.8) lib/action_dispatch/journey/router.rb:50:in `block in serve'
actionpack (7.0.8) lib/action_dispatch/journey/router.rb:32:in `each'
actionpack (7.0.8) lib/action_dispatch/journey/router.rb:32:in `serve'
actionpack (7.0.8) lib/action_dispatch/routing/route_set.rb:852:in `call'
rack (2.2.8) lib/rack/tempfile_reaper.rb:15:in `call'
rack (2.2.8) lib/rack/etag.rb:27:in `call'
rack (2.2.8) lib/rack/conditional_get.rb:27:in `call'
rack (2.2.8) lib/rack/head.rb:12:in `call'
actionpack (7.0.8) lib/action_dispatch/http/permissions_policy.rb:38:in `call'
actionpack (7.0.8) lib/action_dispatch/http/content_security_policy.rb:36:in `call'
rack (2.2.8) lib/rack/session/abstract/id.rb:266:in `context'
rack (2.2.8) lib/rack/session/abstract/id.rb:260:in `call'
actionpack (7.0.8) lib/action_dispatch/middleware/cookies.rb:704:in `call'
activerecord (7.0.8) lib/active_record/migration.rb:638:in `call'
actionpack (7.0.8) lib/action_dispatch/middleware/callbacks.rb:27:in `block in call'
activesupport (7.0.8) lib/active_support/callbacks.rb:99:in `run_callbacks'
actionpack (7.0.8) lib/action_dispatch/middleware/callbacks.rb:26:in `call'
actionpack (7.0.8) lib/action_dispatch/middleware/executor.rb:14:in `call'
actionpack (7.0.8) lib/action_dispatch/middleware/actionable_exceptions.rb:17:in `call'
actionpack (7.0.8) lib/action_dispatch/middleware/debug_exceptions.rb:28:in `call'
actionpack (7.0.8) lib/action_dispatch/middleware/show_exceptions.rb:29:in `call'
railties (7.0.8) lib/rails/rack/logger.rb:40:in `call_app'
railties (7.0.8) lib/rails/rack/logger.rb:25:in `block in call'
activesupport (7.0.8) lib/active_support/tagged_logging.rb:99:in `block in tagged'
activesupport (7.0.8) lib/active_support/tagged_logging.rb:37:in `tagged'
activesupport (7.0.8) lib/active_support/tagged_logging.rb:99:in `tagged'
railties (7.0.8) lib/rails/rack/logger.rb:25:in `call'
sprockets-rails (3.4.2) lib/sprockets/rails/quiet_assets.rb:13:in `call'
actionpack (7.0.8) lib/action_dispatch/middleware/remote_ip.rb:93:in `call'
actionpack (7.0.8) lib/action_dispatch/middleware/request_id.rb:26:in `call'
rack (2.2.8) lib/rack/method_override.rb:24:in `call'
rack (2.2.8) lib/rack/runtime.rb:22:in `call'
activesupport (7.0.8) lib/active_support/cache/strategy/local_cache_middleware.rb:29:in `call'
actionpack (7.0.8) lib/action_dispatch/middleware/server_timing.rb:61:in `block in call'
actionpack (7.0.8) lib/action_dispatch/middleware/server_timing.rb:26:in `collect_events'
actionpack (7.0.8) lib/action_dispatch/middleware/server_timing.rb:60:in `call'
actionpack (7.0.8) lib/action_dispatch/middleware/executor.rb:14:in `call'
actionpack (7.0.8) lib/action_dispatch/middleware/static.rb:23:in `call'
rack (2.2.8) lib/rack/sendfile.rb:110:in `call'
actionpack (7.0.8) lib/action_dispatch/middleware/host_authorization.rb:138:in `call'
railties (7.0.8) lib/rails/engine.rb:530:in `call'
puma (5.6.7) lib/puma/configuration.rb:252:in `call'
puma (5.6.7) lib/puma/request.rb:77:in `block in handle_request'
puma (5.6.7) lib/puma/thread_pool.rb:340:in `with_force_shutdown'
puma (5.6.7) lib/puma/request.rb:76:in `handle_request'
puma (5.6.7) lib/puma/server.rb:443:in `process_client'
puma (5.6.7) lib/puma/thread_pool.rb:147:in `block in spawn_thread'
Started GET "/users" for ::1 at 2023-09-27 14:34:51 -0400
  
ActionController::BadRequest (Invalid request parameters: expected Hash (got String) for param `banana'):
  
rack (2.2.8) lib/rack/query_parser.rb:121:in `normalize_params'
rack (2.2.8) lib/rack/multipart/parser.rb:208:in `block (2 levels) in result'
rack (2.2.8) lib/rack/multipart/parser.rb:107:in `get_data'
rack (2.2.8) lib/rack/multipart/parser.rb:206:in `block in result'
rack (2.2.8) lib/rack/multipart/parser.rb:130:in `block in each'
rack (2.2.8) lib/rack/multipart/parser.rb:130:in `each'
rack (2.2.8) lib/rack/multipart/parser.rb:130:in `each'
rack (2.2.8) lib/rack/multipart/parser.rb:205:in `result'
rack (2.2.8) lib/rack/multipart/parser.rb:84:in `parse'
rack (2.2.8) lib/rack/multipart.rb:53:in `extract_multipart'
rack (2.2.8) lib/rack/request.rb:594:in `parse_multipart'
rack (2.2.8) lib/rack/request.rb:446:in `POST'
actionpack (7.0.8) lib/action_dispatch/http/request.rb:390:in `block (2 levels) in POST'
actionpack (7.0.8) lib/action_dispatch/http/parameters.rb:90:in `block in parse_formatted_parameters'
actionpack (7.0.8) lib/action_dispatch/http/parameters.rb:90:in `fetch'
actionpack (7.0.8) lib/action_dispatch/http/parameters.rb:90:in `parse_formatted_parameters'
actionpack (7.0.8) lib/action_dispatch/http/request.rb:389:in `block in POST'
rack (2.2.8) lib/rack/request.rb:69:in `fetch'
rack (2.2.8) lib/rack/request.rb:69:in `fetch_header'
actionpack (7.0.8) lib/action_dispatch/http/request.rb:388:in `POST'
actionpack (7.0.8) lib/action_dispatch/http/parameters.rb:55:in `parameters'
actionpack (7.0.8) lib/action_dispatch/http/filter_parameters.rb:28:in `filtered_parameters'
actionpack (7.0.8) lib/action_controller/metal/instrumentation.rb:57:in `process_action'
actionpack (7.0.8) lib/action_controller/metal/params_wrapper.rb:259:in `process_action'
activerecord (7.0.8) lib/active_record/railties/controller_runtime.rb:27:in `process_action'
actionpack (7.0.8) lib/abstract_controller/base.rb:151:in `process'
actionview (7.0.8) lib/action_view/rendering.rb:39:in `process'
actionpack (7.0.8) lib/action_controller/metal.rb:188:in `dispatch'
actionpack (7.0.8) lib/action_controller/metal.rb:251:in `dispatch'
actionpack (7.0.8) lib/action_dispatch/routing/route_set.rb:49:in `dispatch'
actionpack (7.0.8) lib/action_dispatch/routing/route_set.rb:32:in `serve'
actionpack (7.0.8) lib/action_dispatch/journey/router.rb:50:in `block in serve'
actionpack (7.0.8) lib/action_dispatch/journey/router.rb:32:in `each'
actionpack (7.0.8) lib/action_dispatch/journey/router.rb:32:in `serve'
actionpack (7.0.8) lib/action_dispatch/routing/route_set.rb:852:in `call'
rack (2.2.8) lib/rack/tempfile_reaper.rb:15:in `call'
rack (2.2.8) lib/rack/etag.rb:27:in `call'
rack (2.2.8) lib/rack/conditional_get.rb:27:in `call'
rack (2.2.8) lib/rack/head.rb:12:in `call'
actionpack (7.0.8) lib/action_dispatch/http/permissions_policy.rb:38:in `call'
actionpack (7.0.8) lib/action_dispatch/http/content_security_policy.rb:36:in `call'
rack (2.2.8) lib/rack/session/abstract/id.rb:266:in `context'
rack (2.2.8) lib/rack/session/abstract/id.rb:260:in `call'
actionpack (7.0.8) lib/action_dispatch/middleware/cookies.rb:704:in `call'
activerecord (7.0.8) lib/active_record/migration.rb:638:in `call'
actionpack (7.0.8) lib/action_dispatch/middleware/callbacks.rb:27:in `block in call'
activesupport (7.0.8) lib/active_support/callbacks.rb:99:in `run_callbacks'
actionpack (7.0.8) lib/action_dispatch/middleware/callbacks.rb:26:in `call'
actionpack (7.0.8) lib/action_dispatch/middleware/executor.rb:14:in `call'
actionpack (7.0.8) lib/action_dispatch/middleware/actionable_exceptions.rb:17:in `call'
actionpack (7.0.8) lib/action_dispatch/middleware/debug_exceptions.rb:28:in `call'
actionpack (7.0.8) lib/action_dispatch/middleware/show_exceptions.rb:29:in `call'
railties (7.0.8) lib/rails/rack/logger.rb:40:in `call_app'
railties (7.0.8) lib/rails/rack/logger.rb:25:in `block in call'
activesupport (7.0.8) lib/active_support/tagged_logging.rb:99:in `block in tagged'
activesupport (7.0.8) lib/active_support/tagged_logging.rb:37:in `tagged'
activesupport (7.0.8) lib/active_support/tagged_logging.rb:99:in `tagged'
railties (7.0.8) lib/rails/rack/logger.rb:25:in `call'
sprockets-rails (3.4.2) lib/sprockets/rails/quiet_assets.rb:13:in `call'
actionpack (7.0.8) lib/action_dispatch/middleware/remote_ip.rb:93:in `call'
actionpack (7.0.8) lib/action_dispatch/middleware/request_id.rb:26:in `call'
rack (2.2.8) lib/rack/method_override.rb:24:in `call'
rack (2.2.8) lib/rack/runtime.rb:22:in `call'
activesupport (7.0.8) lib/active_support/cache/strategy/local_cache_middleware.rb:29:in `call'
actionpack (7.0.8) lib/action_dispatch/middleware/server_timing.rb:61:in `block in call'
actionpack (7.0.8) lib/action_dispatch/middleware/server_timing.rb:26:in `collect_events'
actionpack (7.0.8) lib/action_dispatch/middleware/server_timing.rb:60:in `call'
actionpack (7.0.8) lib/action_dispatch/middleware/executor.rb:14:in `call'
actionpack (7.0.8) lib/action_dispatch/middleware/static.rb:23:in `call'
rack (2.2.8) lib/rack/sendfile.rb:110:in `call'
actionpack (7.0.8) lib/action_dispatch/middleware/host_authorization.rb:138:in `call'
railties (7.0.8) lib/rails/engine.rb:530:in `call'
puma (5.6.7) lib/puma/configuration.rb:252:in `call'
puma (5.6.7) lib/puma/request.rb:77:in `block in handle_request'
puma (5.6.7) lib/puma/thread_pool.rb:340:in `with_force_shutdown'
puma (5.6.7) lib/puma/request.rb:76:in `handle_request'
puma (5.6.7) lib/puma/server.rb:443:in `process_client'
puma (5.6.7) lib/puma/thread_pool.rb:147:in `block in spawn_thread'
Started GET "/users" for ::1 at 2023-09-27 14:35:06 -0400
  
ActionController::BadRequest (Invalid request parameters: expected Hash (got String) for param `banana'):
  
rack (2.2.8) lib/rack/query_parser.rb:121:in `normalize_params'
rack (2.2.8) lib/rack/multipart/parser.rb:208:in `block (2 levels) in result'
rack (2.2.8) lib/rack/multipart/parser.rb:107:in `get_data'
rack (2.2.8) lib/rack/multipart/parser.rb:206:in `block in result'
rack (2.2.8) lib/rack/multipart/parser.rb:130:in `block in each'
rack (2.2.8) lib/rack/multipart/parser.rb:130:in `each'
rack (2.2.8) lib/rack/multipart/parser.rb:130:in `each'
rack (2.2.8) lib/rack/multipart/parser.rb:205:in `result'
rack (2.2.8) lib/rack/multipart/parser.rb:84:in `parse'
rack (2.2.8) lib/rack/multipart.rb:53:in `extract_multipart'
rack (2.2.8) lib/rack/request.rb:594:in `parse_multipart'
rack (2.2.8) lib/rack/request.rb:446:in `POST'
actionpack (7.0.8) lib/action_dispatch/http/request.rb:390:in `block (2 levels) in POST'
actionpack (7.0.8) lib/action_dispatch/http/parameters.rb:90:in `block in parse_formatted_parameters'
actionpack (7.0.8) lib/action_dispatch/http/parameters.rb:90:in `fetch'
actionpack (7.0.8) lib/action_dispatch/http/parameters.rb:90:in `parse_formatted_parameters'
actionpack (7.0.8) lib/action_dispatch/http/request.rb:389:in `block in POST'
rack (2.2.8) lib/rack/request.rb:69:in `fetch'
rack (2.2.8) lib/rack/request.rb:69:in `fetch_header'
actionpack (7.0.8) lib/action_dispatch/http/request.rb:388:in `POST'
actionpack (7.0.8) lib/action_dispatch/http/parameters.rb:55:in `parameters'
actionpack (7.0.8) lib/action_dispatch/http/filter_parameters.rb:28:in `filtered_parameters'
actionpack (7.0.8) lib/action_controller/metal/instrumentation.rb:57:in `process_action'
actionpack (7.0.8) lib/action_controller/metal/params_wrapper.rb:259:in `process_action'
activerecord (7.0.8) lib/active_record/railties/controller_runtime.rb:27:in `process_action'
actionpack (7.0.8) lib/abstract_controller/base.rb:151:in `process'
actionview (7.0.8) lib/action_view/rendering.rb:39:in `process'
actionpack (7.0.8) lib/action_controller/metal.rb:188:in `dispatch'
actionpack (7.0.8) lib/action_controller/metal.rb:251:in `dispatch'
actionpack (7.0.8) lib/action_dispatch/routing/route_set.rb:49:in `dispatch'
actionpack (7.0.8) lib/action_dispatch/routing/route_set.rb:32:in `serve'
actionpack (7.0.8) lib/action_dispatch/journey/router.rb:50:in `block in serve'
actionpack (7.0.8) lib/action_dispatch/journey/router.rb:32:in `each'
actionpack (7.0.8) lib/action_dispatch/journey/router.rb:32:in `serve'
actionpack (7.0.8) lib/action_dispatch/routing/route_set.rb:852:in `call'
rack (2.2.8) lib/rack/tempfile_reaper.rb:15:in `call'
rack (2.2.8) lib/rack/etag.rb:27:in `call'
rack (2.2.8) lib/rack/conditional_get.rb:27:in `call'
rack (2.2.8) lib/rack/head.rb:12:in `call'
actionpack (7.0.8) lib/action_dispatch/http/permissions_policy.rb:38:in `call'
actionpack (7.0.8) lib/action_dispatch/http/content_security_policy.rb:36:in `call'
rack (2.2.8) lib/rack/session/abstract/id.rb:266:in `context'
rack (2.2.8) lib/rack/session/abstract/id.rb:260:in `call'
actionpack (7.0.8) lib/action_dispatch/middleware/cookies.rb:704:in `call'
activerecord (7.0.8) lib/active_record/migration.rb:638:in `call'
actionpack (7.0.8) lib/action_dispatch/middleware/callbacks.rb:27:in `block in call'
activesupport (7.0.8) lib/active_support/callbacks.rb:99:in `run_callbacks'
actionpack (7.0.8) lib/action_dispatch/middleware/callbacks.rb:26:in `call'
actionpack (7.0.8) lib/action_dispatch/middleware/executor.rb:14:in `call'
actionpack (7.0.8) lib/action_dispatch/middleware/actionable_exceptions.rb:17:in `call'
actionpack (7.0.8) lib/action_dispatch/middleware/debug_exceptions.rb:28:in `call'
actionpack (7.0.8) lib/action_dispatch/middleware/show_exceptions.rb:29:in `call'
railties (7.0.8) lib/rails/rack/logger.rb:40:in `call_app'
railties (7.0.8) lib/rails/rack/logger.rb:25:in `block in call'
activesupport (7.0.8) lib/active_support/tagged_logging.rb:99:in `block in tagged'
activesupport (7.0.8) lib/active_support/tagged_logging.rb:37:in `tagged'
activesupport (7.0.8) lib/active_support/tagged_logging.rb:99:in `tagged'
railties (7.0.8) lib/rails/rack/logger.rb:25:in `call'
sprockets-rails (3.4.2) lib/sprockets/rails/quiet_assets.rb:13:in `call'
actionpack (7.0.8) lib/action_dispatch/middleware/remote_ip.rb:93:in `call'
actionpack (7.0.8) lib/action_dispatch/middleware/request_id.rb:26:in `call'
rack (2.2.8) lib/rack/method_override.rb:24:in `call'
rack (2.2.8) lib/rack/runtime.rb:22:in `call'
activesupport (7.0.8) lib/active_support/cache/strategy/local_cache_middleware.rb:29:in `call'
actionpack (7.0.8) lib/action_dispatch/middleware/server_timing.rb:61:in `block in call'
actionpack (7.0.8) lib/action_dispatch/middleware/server_timing.rb:26:in `collect_events'
actionpack (7.0.8) lib/action_dispatch/middleware/server_timing.rb:60:in `call'
actionpack (7.0.8) lib/action_dispatch/middleware/executor.rb:14:in `call'
actionpack (7.0.8) lib/action_dispatch/middleware/static.rb:23:in `call'
rack (2.2.8) lib/rack/sendfile.rb:110:in `call'
actionpack (7.0.8) lib/action_dispatch/middleware/host_authorization.rb:138:in `call'
railties (7.0.8) lib/rails/engine.rb:530:in `call'
puma (5.6.7) lib/puma/configuration.rb:252:in `call'
puma (5.6.7) lib/puma/request.rb:77:in `block in handle_request'
puma (5.6.7) lib/puma/thread_pool.rb:340:in `with_force_shutdown'
puma (5.6.7) lib/puma/request.rb:76:in `handle_request'
puma (5.6.7) lib/puma/server.rb:443:in `process_client'
puma (5.6.7) lib/puma/thread_pool.rb:147:in `block in spawn_thread'
Started GET "/users" for ::1 at 2023-09-27 14:36:26 -0400
Processing by UsersController#index as */*
  Parameters: {"banana"=>"1"}
  Rendering text template
  Rendered text template (Duration: 0.0ms | Allocations: 10)
Completed 200 OK in 3ms (Views: 3.2ms | ActiveRecord: 0.0ms | Allocations: 547)


Started GET "/users" for ::1 at 2023-09-27 14:36:30 -0400
  
ActionController::BadRequest (Invalid request parameters: expected Hash (got String) for param `banana'):
  
rack (2.2.8) lib/rack/query_parser.rb:121:in `normalize_params'
rack (2.2.8) lib/rack/multipart/parser.rb:208:in `block (2 levels) in result'
rack (2.2.8) lib/rack/multipart/parser.rb:107:in `get_data'
rack (2.2.8) lib/rack/multipart/parser.rb:206:in `block in result'
rack (2.2.8) lib/rack/multipart/parser.rb:130:in `block in each'
rack (2.2.8) lib/rack/multipart/parser.rb:130:in `each'
rack (2.2.8) lib/rack/multipart/parser.rb:130:in `each'
rack (2.2.8) lib/rack/multipart/parser.rb:205:in `result'
rack (2.2.8) lib/rack/multipart/parser.rb:84:in `parse'
rack (2.2.8) lib/rack/multipart.rb:53:in `extract_multipart'
rack (2.2.8) lib/rack/request.rb:594:in `parse_multipart'
rack (2.2.8) lib/rack/request.rb:446:in `POST'
actionpack (7.0.8) lib/action_dispatch/http/request.rb:390:in `block (2 levels) in POST'
actionpack (7.0.8) lib/action_dispatch/http/parameters.rb:90:in `block in parse_formatted_parameters'
actionpack (7.0.8) lib/action_dispatch/http/parameters.rb:90:in `fetch'
actionpack (7.0.8) lib/action_dispatch/http/parameters.rb:90:in `parse_formatted_parameters'
actionpack (7.0.8) lib/action_dispatch/http/request.rb:389:in `block in POST'
rack (2.2.8) lib/rack/request.rb:69:in `fetch'
rack (2.2.8) lib/rack/request.rb:69:in `fetch_header'
actionpack (7.0.8) lib/action_dispatch/http/request.rb:388:in `POST'
actionpack (7.0.8) lib/action_dispatch/http/parameters.rb:55:in `parameters'
actionpack (7.0.8) lib/action_dispatch/http/filter_parameters.rb:28:in `filtered_parameters'
actionpack (7.0.8) lib/action_controller/metal/instrumentation.rb:57:in `process_action'
actionpack (7.0.8) lib/action_controller/metal/params_wrapper.rb:259:in `process_action'
activerecord (7.0.8) lib/active_record/railties/controller_runtime.rb:27:in `process_action'
actionpack (7.0.8) lib/abstract_controller/base.rb:151:in `process'
actionview (7.0.8) lib/action_view/rendering.rb:39:in `process'
actionpack (7.0.8) lib/action_controller/metal.rb:188:in `dispatch'
actionpack (7.0.8) lib/action_controller/metal.rb:251:in `dispatch'
actionpack (7.0.8) lib/action_dispatch/routing/route_set.rb:49:in `dispatch'
actionpack (7.0.8) lib/action_dispatch/routing/route_set.rb:32:in `serve'
actionpack (7.0.8) lib/action_dispatch/journey/router.rb:50:in `block in serve'
actionpack (7.0.8) lib/action_dispatch/journey/router.rb:32:in `each'
actionpack (7.0.8) lib/action_dispatch/journey/router.rb:32:in `serve'
actionpack (7.0.8) lib/action_dispatch/routing/route_set.rb:852:in `call'
rack (2.2.8) lib/rack/tempfile_reaper.rb:15:in `call'
rack (2.2.8) lib/rack/etag.rb:27:in `call'
rack (2.2.8) lib/rack/conditional_get.rb:27:in `call'
rack (2.2.8) lib/rack/head.rb:12:in `call'
actionpack (7.0.8) lib/action_dispatch/http/permissions_policy.rb:38:in `call'
actionpack (7.0.8) lib/action_dispatch/http/content_security_policy.rb:36:in `call'
rack (2.2.8) lib/rack/session/abstract/id.rb:266:in `context'
rack (2.2.8) lib/rack/session/abstract/id.rb:260:in `call'
actionpack (7.0.8) lib/action_dispatch/middleware/cookies.rb:704:in `call'
activerecord (7.0.8) lib/active_record/migration.rb:638:in `call'
actionpack (7.0.8) lib/action_dispatch/middleware/callbacks.rb:27:in `block in call'
activesupport (7.0.8) lib/active_support/callbacks.rb:99:in `run_callbacks'
actionpack (7.0.8) lib/action_dispatch/middleware/callbacks.rb:26:in `call'
actionpack (7.0.8) lib/action_dispatch/middleware/executor.rb:14:in `call'
actionpack (7.0.8) lib/action_dispatch/middleware/actionable_exceptions.rb:17:in `call'
actionpack (7.0.8) lib/action_dispatch/middleware/debug_exceptions.rb:28:in `call'
actionpack (7.0.8) lib/action_dispatch/middleware/show_exceptions.rb:29:in `call'
railties (7.0.8) lib/rails/rack/logger.rb:40:in `call_app'
railties (7.0.8) lib/rails/rack/logger.rb:25:in `block in call'
activesupport (7.0.8) lib/active_support/tagged_logging.rb:99:in `block in tagged'
activesupport (7.0.8) lib/active_support/tagged_logging.rb:37:in `tagged'
activesupport (7.0.8) lib/active_support/tagged_logging.rb:99:in `tagged'
railties (7.0.8) lib/rails/rack/logger.rb:25:in `call'
sprockets-rails (3.4.2) lib/sprockets/rails/quiet_assets.rb:13:in `call'
actionpack (7.0.8) lib/action_dispatch/middleware/remote_ip.rb:93:in `call'
actionpack (7.0.8) lib/action_dispatch/middleware/request_id.rb:26:in `call'
rack (2.2.8) lib/rack/method_override.rb:24:in `call'
rack (2.2.8) lib/rack/runtime.rb:22:in `call'
activesupport (7.0.8) lib/active_support/cache/strategy/local_cache_middleware.rb:29:in `call'
actionpack (7.0.8) lib/action_dispatch/middleware/server_timing.rb:61:in `block in call'
actionpack (7.0.8) lib/action_dispatch/middleware/server_timing.rb:26:in `collect_events'
actionpack (7.0.8) lib/action_dispatch/middleware/server_timing.rb:60:in `call'
actionpack (7.0.8) lib/action_dispatch/middleware/executor.rb:14:in `call'
actionpack (7.0.8) lib/action_dispatch/middleware/static.rb:23:in `call'
rack (2.2.8) lib/rack/sendfile.rb:110:in `call'
actionpack (7.0.8) lib/action_dispatch/middleware/host_authorization.rb:138:in `call'
railties (7.0.8) lib/rails/engine.rb:530:in `call'
puma (5.6.7) lib/puma/configuration.rb:252:in `call'
puma (5.6.7) lib/puma/request.rb:77:in `block in handle_request'
puma (5.6.7) lib/puma/thread_pool.rb:340:in `with_force_shutdown'
puma (5.6.7) lib/puma/request.rb:76:in `handle_request'
puma (5.6.7) lib/puma/server.rb:443:in `process_client'
puma (5.6.7) lib/puma/thread_pool.rb:147:in `block in spawn_thread'
Started GET "/users/users?some_category[a_key]=[FILTERED]&some_category[a_second_key]=[FILTERED]&some_category[inner_inner_hash][key]=value&something_else=aaahhhhh" for ::1 at 2023-09-27 14:37:12 -0400
Processing by UsersController#show as */*
  Parameters: {"some_category"=>{"a_key"=>"[FILTERED]", "a_second_key"=>"[FILTERED]", "inner_inner_hash"=>{"key"=>"value"}}, "something_else"=>"aaahhhhh", "id"=>"users"}
Completed 200 OK in 0ms (Views: 0.3ms | ActiveRecord: 0.0ms | Allocations: 193)


Started GET "/users?some_category[a_key]=[FILTERED]&some_category[a_second_key]=[FILTERED]&some_category[inner_inner_hash][key]=value&something_else=aaahhhhh" for ::1 at 2023-09-27 14:37:22 -0400
Processing by UsersController#index as */*
  Parameters: {"some_category"=>{"a_key"=>"[FILTERED]", "a_second_key"=>"[FILTERED]", "inner_inner_hash"=>{"key"=>"value"}}, "something_else"=>"aaahhhhh"}
  Rendering text template
  Rendered text template (Duration: 0.0ms | Allocations: 4)
Completed 200 OK in 1ms (Views: 0.9ms | ActiveRecord: 0.0ms | Allocations: 151)


Started GET "/users?some_category[a_key]=[FILTERED]&some_category[a_second_key]=[FILTERED]&some_category[inner_inner_hash][key]=value&something_else=aaahhhhh" for ::1 at 2023-09-27 14:39:29 -0400
Processing by UsersController#index as */*
  Parameters: {"some_category"=>{"a_key"=>"[FILTERED]", "a_second_key"=>"[FILTERED]", "inner_inner_hash"=>{"key"=>"value"}}, "something_else"=>"aaahhhhh"}
  Rendering text template
  Rendered text template (Duration: 0.0ms | Allocations: 4)
Completed 200 OK in 0ms (Views: 0.3ms | ActiveRecord: 0.0ms | Allocations: 148)


Started GET "/users/users?some_category[a_key]=[FILTERED]&some_category[a_second_key]=[FILTERED]&some_category[inner_inner_hash][key]=value&something_else=aaahhhhh" for ::1 at 2023-09-27 14:39:38 -0400
Processing by UsersController#show as */*
  Parameters: {"some_category"=>{"a_key"=>"[FILTERED]", "a_second_key"=>"[FILTERED]", "inner_inner_hash"=>{"key"=>"value"}}, "something_else"=>"aaahhhhh", "id"=>"users"}
Completed 200 OK in 0ms (Views: 0.3ms | ActiveRecord: 0.0ms | Allocations: 159)


Started GET "/users/users?some_category[a_key]=[FILTERED]&some_category[a_second_key]=[FILTERED]&some_category[inner_inner_hash][key]=value&something_else=aaahhhhh" for ::1 at 2023-09-27 14:40:08 -0400
Processing by UsersController#show as */*
  Parameters: {"some_category"=>{"a_key"=>"[FILTERED]", "a_second_key"=>"[FILTERED]", "inner_inner_hash"=>{"key"=>"value"}}, "ome_category"=>{"a_second_key"=>"[FILTERED]"}, "something_else"=>"aaahhhhh", "id"=>"users"}
Completed 200 OK in 1ms (Views: 0.6ms | ActiveRecord: 0.0ms | Allocations: 175)


Started GET "/users/" for ::1 at 2023-09-27 14:40:27 -0400
Processing by UsersController#index as */*
  Parameters: {"some_category"=>{"a_key"=>"[FILTERED]", "inner_inner_hash"=>{"key"=>"\"value\""}}, "ome_category"=>{"a_second_key"=>"[FILTERED]"}, "something_else"=>"\"aaahhhhh\""}
  Rendering text template
  Rendered text template (Duration: 0.0ms | Allocations: 4)
Completed 200 OK in 1ms (Views: 0.6ms | ActiveRecord: 0.0ms | Allocations: 148)


Started GET "/users/users?some_category[a_key]=[FILTERED]&some_category[a_second_key]=[FILTERED]&some_category[inner_inner_hash][key]=value&something_else=aaahhhhh" for ::1 at 2023-09-27 14:40:34 -0400
Processing by UsersController#show as */*
  Parameters: {"some_category"=>{"a_key"=>"[FILTERED]", "a_second_key"=>"[FILTERED]", "inner_inner_hash"=>{"key"=>"value"}}, "ome_category"=>{"a_second_key"=>"[FILTERED]"}, "something_else"=>"aaahhhhh", "id"=>"users"}
Completed 200 OK in 0ms (Views: 0.2ms | ActiveRecord: 0.0ms | Allocations: 175)


Started GET "/users/users?some_category[a_key]=[FILTERED]&some_category[a_second_key]=[FILTERED]&some_category[inner_inner_hash][key]=value&something_else=aaahhhhh" for ::1 at 2023-09-27 14:41:01 -0400
Processing by UsersController#show as */*
  Parameters: {"some_category"=>{"a_key"=>"[FILTERED]", "a_second_key"=>"[FILTERED]", "inner_inner_hash"=>{"key"=>"value"}}, "ome_category"=>{"a_second_key"=>"[FILTERED]"}, "something_else"=>"aaahhhhh", "id"=>"users"}
Completed 200 OK in 0ms (Views: 0.2ms | ActiveRecord: 0.0ms | Allocations: 175)


Started GET "/users/users?some_category[a_key]=[FILTERED]&some_category[a_second_key]=[FILTERED]&some_category[inner_inner_hash][key]=value&something_else=aaahhhhh" for ::1 at 2023-09-27 14:41:19 -0400
Processing by UsersController#show as */*
  Parameters: {"some_category"=>{"a_key"=>"[FILTERED]", "a_second_key"=>"[FILTERED]", "inner_inner_hash"=>{"key"=>"value"}}, "one_category"=>{"a_second_key"=>"[FILTERED]"}, "something_else"=>"aaahhhhh", "id"=>"users"}
Completed 200 OK in 1ms (Views: 0.7ms | ActiveRecord: 0.0ms | Allocations: 175)


Started GET "/users/1" for ::1 at 2023-09-27 14:41:48 -0400
Processing by UsersController#show as */*
  Parameters: {"some_category"=>{"a_key"=>"[FILTERED]", "inner_inner_hash"=>{"key"=>"\"value\""}}, "one_category"=>{"a_second_key"=>"[FILTERED]"}, "something_else"=>"\"aaahhhhh\"", "id"=>"1"}
Completed 200 OK in 0ms (Views: 0.3ms | ActiveRecord: 0.0ms | Allocations: 166)


Started GET "/users/" for ::1 at 2023-09-27 14:41:55 -0400
Processing by UsersController#index as */*
  Parameters: {"some_category"=>{"a_key"=>"[FILTERED]", "inner_inner_hash"=>{"key"=>"\"value\""}}, "one_category"=>{"a_second_key"=>"[FILTERED]"}, "something_else"=>"\"aaahhhhh\""}
  Rendering text template
  Rendered text template (Duration: 0.0ms | Allocations: 4)
Completed 200 OK in 1ms (Views: 0.4ms | ActiveRecord: 0.0ms | Allocations: 148)


Started GET "/users/1" for ::1 at 2023-09-27 14:42:03 -0400
Processing by UsersController#show as */*
  Parameters: {"some_category"=>{"a_key"=>"[FILTERED]", "inner_inner_hash"=>{"key"=>"\"value\""}}, "one_category"=>{"a_second_key"=>"[FILTERED]"}, "something_else"=>"\"aaahhhhh\"", "id"=>"1"}
Completed 200 OK in 0ms (Views: 0.3ms | ActiveRecord: 0.0ms | Allocations: 166)


Started GET "/users" for ::1 at 2023-09-27 14:42:31 -0400
Processing by UsersController#index as */*
  Parameters: {"some_category"=>{"a_key"=>"[FILTERED]", "inner_inner_hash"=>{"key"=>"\"value\""}}, "one_category"=>{"a_second_key"=>"[FILTERED]"}, "something_else"=>"\"aaahhhhh\""}
  Rendering text template
  Rendered text template (Duration: 0.0ms | Allocations: 4)
Completed 200 OK in 1ms (Views: 0.4ms | ActiveRecord: 0.0ms | Allocations: 148)


Started GET "/users/1" for ::1 at 2023-09-27 14:42:39 -0400
Processing by UsersController#show as */*
  Parameters: {"some_category"=>{"a_key"=>"[FILTERED]", "inner_inner_hash"=>{"key"=>"\"value\""}}, "one_category"=>{"a_second_key"=>"[FILTERED]"}, "something_else"=>"\"aaahhhhh\"", "id"=>"1"}
Completed 200 OK in 0ms (Views: 0.2ms | ActiveRecord: 0.0ms | Allocations: 166)


Started POST "/users" for ::1 at 2023-09-27 14:43:15 -0400
Processing by UsersController#create as */*
  Parameters: {"some_category"=>{"a_key"=>"[FILTERED]", "inner_inner_hash"=>{"key"=>"\"value\""}}, "one_category"=>{"a_second_key"=>"[FILTERED]"}, "something_else"=>"\"aaahhhhh\""}
Completed 200 OK in 0ms (Views: 0.3ms | ActiveRecord: 0.0ms | Allocations: 158)


  [1m[35m (14.1ms)[0m  [1m[35mCREATE TABLE "schema_migrations" ("version" character varying NOT NULL PRIMARY KEY)[0m
  [1m[35m (2.6ms)[0m  [1m[35mCREATE TABLE "ar_internal_metadata" ("key" character varying NOT NULL PRIMARY KEY, "value" character varying, "created_at" timestamp(6) NOT NULL, "updated_at" timestamp(6) NOT NULL)[0m
  [1m[35m (0.1ms)[0m  [1m[34mSELECT pg_try_advisory_lock(7624278407833440675)[0m
  [1m[36mActiveRecord::SchemaMigration Pluck (0.4ms)[0m  [1m[34mSELECT "schema_migrations"."version" FROM "schema_migrations" ORDER BY "schema_migrations"."version" ASC[0m
Migrating to CreateUsers (20230927184557)
  [1m[36mTRANSACTION (0.1ms)[0m  [1m[35mBEGIN[0m
  [1m[35m (3.6ms)[0m  [1m[35mCREATE TABLE "users" ("id" bigserial primary key, "name" character varying NOT NULL, "email" character varying NOT NULL, "created_at" timestamp(6) NOT NULL, "updated_at" timestamp(6) NOT NULL)[0m
  [1m[36mActiveRecord::SchemaMigration Create (0.7ms)[0m  [1m[32mINSERT INTO "schema_migrations" ("version") VALUES ($1) RETURNING "version"[0m  [["version", "20230927184557"]]
  [1m[36mTRANSACTION (0.2ms)[0m  [1m[35mCOMMIT[0m
  [1m[36mActiveRecord::InternalMetadata Load (0.3ms)[0m  [1m[34mSELECT "ar_internal_metadata".* FROM "ar_internal_metadata" WHERE "ar_internal_metadata"."key" = $1 LIMIT $2[0m  [["key", "environment"], ["LIMIT", 1]]
  [1m[36mTRANSACTION (0.1ms)[0m  [1m[35mBEGIN[0m
  [1m[36mActiveRecord::InternalMetadata Create (0.6ms)[0m  [1m[32mINSERT INTO "ar_internal_metadata" ("key", "value", "created_at", "updated_at") VALUES ($1, $2, $3, $4) RETURNING "key"[0m  [["key", "environment"], ["value", "development"], ["created_at", "2023-09-27 18:46:38.195805"], ["updated_at", "2023-09-27 18:46:38.195805"]]
  [1m[36mTRANSACTION (0.1ms)[0m  [1m[35mCOMMIT[0m
  [1m[35m (0.2ms)[0m  [1m[34mSELECT pg_advisory_unlock(7624278407833440675)[0m
  [1m[36mActiveRecord::SchemaMigration Pluck (0.6ms)[0m  [1m[34mSELECT "schema_migrations"."version" FROM "schema_migrations" ORDER BY "schema_migrations"."version" ASC[0m
  [1m[36mTRANSACTION (0.3ms)[0m  [1m[35mBEGIN[0m
  [1m[36mUser Exists? (1.8ms)[0m  [1m[34mSELECT 1 AS one FROM "users" WHERE "users"."email" = $1 LIMIT $2[0m  [["email", "yuri@gmail.com"], ["LIMIT", 1]]
  [1m[36mUser Create (1.1ms)[0m  [1m[32mINSERT INTO "users" ("name", "email", "created_at", "updated_at") VALUES ($1, $2, $3, $4) RETURNING "id"[0m  [["name", "Yuri"], ["email", "yuri@gmail.com"], ["created_at", "2023-09-27 18:49:30.815769"], ["updated_at", "2023-09-27 18:49:30.815769"]]
  [1m[36mTRANSACTION (0.7ms)[0m  [1m[35mCOMMIT[0m
  [1m[36mUser Load (0.5ms)[0m  [1m[34mSELECT "users".* FROM "users"[0m
  [1m[36mTRANSACTION (0.3ms)[0m  [1m[35mBEGIN[0m
  [1m[36mUser Exists? (0.4ms)[0m  [1m[34mSELECT 1 AS one FROM "users" WHERE "users"."email" = $1 LIMIT $2[0m  [["email", "Heywood@gmail.com"], ["LIMIT", 1]]
  [1m[36mUser Create (0.3ms)[0m  [1m[32mINSERT INTO "users" ("name", "email", "created_at", "updated_at") VALUES ($1, $2, $3, $4) RETURNING "id"[0m  [["name", "Spencer"], ["email", "Heywood@gmail.com"], ["created_at", "2023-09-27 18:50:11.347128"], ["updated_at", "2023-09-27 18:50:11.347128"]]
  [1m[36mTRANSACTION (0.4ms)[0m  [1m[35mCOMMIT[0m
  [1m[36mUser Load (0.5ms)[0m  [1m[34mSELECT "users".* FROM "users"[0m
  [1m[36mTRANSACTION (0.3ms)[0m  [1m[35mBEGIN[0m
  [1m[36mUser Exists? (0.4ms)[0m  [1m[34mSELECT 1 AS one FROM "users" WHERE "users"."email" = $1 LIMIT $2[0m  [["email", "Amin@gmail.com"], ["LIMIT", 1]]
  [1m[36mUser Create (0.4ms)[0m  [1m[32mINSERT INTO "users" ("name", "email", "created_at", "updated_at") VALUES ($1, $2, $3, $4) RETURNING "id"[0m  [["name", "Amin"], ["email", "Amin@gmail.com"], ["created_at", "2023-09-27 18:50:37.416799"], ["updated_at", "2023-09-27 18:50:37.416799"]]
  [1m[36mTRANSACTION (0.8ms)[0m  [1m[35mCOMMIT[0m
  [1m[36mUser Load (0.4ms)[0m  [1m[34mSELECT "users".* FROM "users"[0m
Started GET "/users" for ::1 at 2023-09-27 14:51:15 -0400
  [1m[36mActiveRecord::SchemaMigration Pluck (1.0ms)[0m  [1m[34mSELECT "schema_migrations"."version" FROM "schema_migrations" ORDER BY "schema_migrations"."version" ASC[0m
Processing by UsersController#index as */*
  [1m[36mUser Load (1.0ms)[0m  [1m[34mSELECT "users".* FROM "users"[0m
  ↳ app/controllers/users_controller.rb:5:in `index'
Completed 200 OK in 14ms (Views: 5.3ms | ActiveRecord: 7.7ms | Allocations: 6388)


Started POST "/users" for ::1 at 2023-09-27 14:56:43 -0400
  [1m[36mActiveRecord::SchemaMigration Pluck (0.9ms)[0m  [1m[34mSELECT "schema_migrations"."version" FROM "schema_migrations" ORDER BY "schema_migrations"."version" ASC[0m
Processing by UsersController#create as */*
  Parameters: {"name"=>"\"Stephen\"", "email"=>"\"Stephen@gmail.com\""}
Completed 400 Bad Request in 1ms (ActiveRecord: 0.0ms | Allocations: 920)


  
ActionController::ParameterMissing (param is missing or the value is empty: user):
  
app/controllers/users_controller.rb:9:in `create'
Started POST "/users" for ::1 at 2023-09-27 14:58:00 -0400
Processing by UsersController#create as */*
  Parameters: {"name"=>"\"Stephen\"", "email"=>"\"Stephen@gmail.com\"", "user"=>"params"}
Completed 500 Internal Server Error in 5ms (ActiveRecord: 0.0ms | Allocations: 1531)


  
NoMethodError (undefined method `permit' for "params":String

        user = User.new(params.require(:user).permit(:name, :email))
                                             ^^^^^^^):
  
app/controllers/users_controller.rb:9:in `create'
Started POST "/users" for ::1 at 2023-09-27 14:58:14 -0400
Processing by UsersController#create as */*
  Parameters: {"name"=>"\"Stephen\"", "email"=>"\"Stephen@gmail.com\"", "params"=>"user"}
Completed 400 Bad Request in 0ms (ActiveRecord: 0.0ms | Allocations: 138)


  
ActionController::ParameterMissing (param is missing or the value is empty: user):
  
app/controllers/users_controller.rb:9:in `create'
Started POST "/users" for ::1 at 2023-09-27 14:59:04 -0400
Processing by UsersController#create as */*
  Parameters: {"name"=>"\"Stephen\"", "email"=>"\"Stephen@gmail.com\""}
Completed 400 Bad Request in 1ms (ActiveRecord: 0.0ms | Allocations: 132)


  
ActionController::ParameterMissing (param is missing or the value is empty: user):
  
app/controllers/users_controller.rb:9:in `create'
Started POST "/users" for ::1 at 2023-09-27 14:59:54 -0400
Processing by UsersController#create as */*
  Parameters: {"user"=>{"name"=>"\"Stephen\"", "email"=>"\"Stephen@gmail.com\""}}
  [1m[36mTRANSACTION (0.4ms)[0m  [1m[35mBEGIN[0m
  ↳ app/controllers/users_controller.rb:11:in `create'
  [1m[36mUser Exists? (1.0ms)[0m  [1m[34mSELECT 1 AS one FROM "users" WHERE "users"."email" = $1 LIMIT $2[0m  [["email", "\"Stephen@gmail.com\""], ["LIMIT", 1]]
  ↳ app/controllers/users_controller.rb:11:in `create'
  [1m[36mUser Create (1.6ms)[0m  [1m[32mINSERT INTO "users" ("name", "email", "created_at", "updated_at") VALUES ($1, $2, $3, $4) RETURNING "id"[0m  [["name", "\"Stephen\""], ["email", "\"Stephen@gmail.com\""], ["created_at", "2023-09-27 18:59:54.809064"], ["updated_at", "2023-09-27 18:59:54.809064"]]
  ↳ app/controllers/users_controller.rb:11:in `create'
  [1m[36mTRANSACTION (0.6ms)[0m  [1m[35mCOMMIT[0m
  ↳ app/controllers/users_controller.rb:11:in `create'
Completed 200 OK in 30ms (Views: 0.4ms | ActiveRecord: 11.1ms | Allocations: 8798)


Started GET "/users" for ::1 at 2023-09-27 15:00:49 -0400
Processing by UsersController#index as */*
  [1m[36mUser Load (0.3ms)[0m  [1m[34mSELECT "users".* FROM "users"[0m
  ↳ app/controllers/users_controller.rb:5:in `index'
Completed 200 OK in 5ms (Views: 3.9ms | ActiveRecord: 0.3ms | Allocations: 1333)


Started GET "/users" for ::1 at 2023-09-27 15:01:40 -0400
Processing by UsersController#index as */*
  Parameters: {"user"=>{"name"=>"\"Stephen\""}}
  [1m[36mUser Load (0.4ms)[0m  [1m[34mSELECT "users".* FROM "users"[0m
  ↳ app/controllers/users_controller.rb:5:in `index'
Completed 200 OK in 4ms (Views: 3.6ms | ActiveRecord: 0.4ms | Allocations: 1062)


Started POST "/users" for ::1 at 2023-09-27 15:01:53 -0400
Processing by UsersController#create as */*
  Parameters: {"user"=>{"name"=>"\"Stephen\""}}
  [1m[36mTRANSACTION (0.1ms)[0m  [1m[35mBEGIN[0m
  ↳ app/controllers/users_controller.rb:11:in `create'
  [1m[36mUser Exists? (0.2ms)[0m  [1m[34mSELECT 1 AS one FROM "users" WHERE "users"."email" IS NULL LIMIT $1[0m  [["LIMIT", 1]]
  ↳ app/controllers/users_controller.rb:11:in `create'
  [1m[36mTRANSACTION (0.6ms)[0m  [1m[31mROLLBACK[0m
  ↳ app/controllers/users_controller.rb:11:in `create'
Completed 422 Unprocessable Entity in 7ms (ActiveRecord: 0.9ms | Allocations: 2851)


  
ActiveRecord::RecordInvalid (Validation failed: Email can't be blank):
  
app/controllers/users_controller.rb:11:in `create'
Started POST "/users" for ::1 at 2023-09-27 15:03:10 -0400
  
SyntaxError (/Users/yuris/Desktop/App Academy/Classwork/W6D3/practice-for-ch-rails-first-routes-long-practice-main/practice/app/controllers/users_controller.rb:19: syntax error, unexpected end-of-input, expecting `end'):
  
app/controllers/users_controller.rb:19: syntax error, unexpected end-of-input, expecting `end'
app/controllers/users_controller.rb:19: syntax error, unexpected end-of-input, expecting `end'
Started POST "/users" for ::1 at 2023-09-27 15:03:35 -0400
  
SyntaxError (/Users/yuris/Desktop/App Academy/Classwork/W6D3/practice-for-ch-rails-first-routes-long-practice-main/practice/app/controllers/users_controller.rb:19: syntax error, unexpected end-of-input, expecting `end'):
  
app/controllers/users_controller.rb:19: syntax error, unexpected end-of-input, expecting `end'
app/controllers/users_controller.rb:19: syntax error, unexpected end-of-input, expecting `end'
Started POST "/users" for ::1 at 2023-09-27 15:03:46 -0400
  
SyntaxError (/Users/yuris/Desktop/App Academy/Classwork/W6D3/practice-for-ch-rails-first-routes-long-practice-main/practice/app/controllers/users_controller.rb:19: syntax error, unexpected end-of-input, expecting `end'):
  
app/controllers/users_controller.rb:19: syntax error, unexpected end-of-input, expecting `end'
app/controllers/users_controller.rb:19: syntax error, unexpected end-of-input, expecting `end'
Started POST "/users" for ::1 at 2023-09-27 15:04:00 -0400
  
SyntaxError (/Users/yuris/Desktop/App Academy/Classwork/W6D3/practice-for-ch-rails-first-routes-long-practice-main/practice/app/controllers/users_controller.rb:19: syntax error, unexpected end-of-input, expecting `end'):
  
app/controllers/users_controller.rb:19: syntax error, unexpected end-of-input, expecting `end'
app/controllers/users_controller.rb:19: syntax error, unexpected end-of-input, expecting `end'
Started POST "/users" for ::1 at 2023-09-27 15:04:58 -0400
Processing by UsersController#create as */*
  Parameters: {"user"=>{"name"=>"\"Stephen\"", "email"=>"\"Stephen@gmail.com\""}}
  [1m[36mTRANSACTION (0.1ms)[0m  [1m[35mBEGIN[0m
  ↳ app/controllers/users_controller.rb:10:in `create'
  [1m[36mUser Exists? (0.3ms)[0m  [1m[34mSELECT 1 AS one FROM "users" WHERE "users"."email" = $1 LIMIT $2[0m  [["email", "\"Stephen@gmail.com\""], ["LIMIT", 1]]
  ↳ app/controllers/users_controller.rb:10:in `create'
  [1m[36mTRANSACTION (0.1ms)[0m  [1m[31mROLLBACK[0m
  ↳ app/controllers/users_controller.rb:10:in `create'
Completed 422 Unprocessable Entity in 16ms (Views: 0.2ms | ActiveRecord: 4.5ms | Allocations: 5405)


Started POST "/users" for ::1 at 2023-09-27 15:05:17 -0400
Processing by UsersController#create as */*
  Parameters: {"user"=>{"name"=>"\"Stephen\"", "email"=>"\"StephenNumber2@gmail.com\""}}
  [1m[36mTRANSACTION (0.2ms)[0m  [1m[35mBEGIN[0m
  ↳ app/controllers/users_controller.rb:10:in `create'
  [1m[36mUser Exists? (0.4ms)[0m  [1m[34mSELECT 1 AS one FROM "users" WHERE "users"."email" = $1 LIMIT $2[0m  [["email", "\"StephenNumber2@gmail.com\""], ["LIMIT", 1]]
  ↳ app/controllers/users_controller.rb:10:in `create'
  [1m[36mUser Create (0.5ms)[0m  [1m[32mINSERT INTO "users" ("name", "email", "created_at", "updated_at") VALUES ($1, $2, $3, $4) RETURNING "id"[0m  [["name", "\"Stephen\""], ["email", "\"StephenNumber2@gmail.com\""], ["created_at", "2023-09-27 19:05:17.169001"], ["updated_at", "2023-09-27 19:05:17.169001"]]
  ↳ app/controllers/users_controller.rb:10:in `create'
  [1m[36mTRANSACTION (0.8ms)[0m  [1m[35mCOMMIT[0m
  ↳ app/controllers/users_controller.rb:10:in `create'
Completed 200 OK in 10ms (Views: 0.5ms | ActiveRecord: 1.8ms | Allocations: 2878)


